[debug] [2023-06-04T18:18:42.136Z] ----------------------------------------------------------------------
[debug] [2023-06-04T18:18:42.140Z] Command:       C:\Program Files\nodejs\node.exe C:\Users\91638\AppData\Roaming\npm\node_modules\firebase-tools\lib\bin\firebase.js init
[debug] [2023-06-04T18:18:42.141Z] CLI Version:   11.25.2
[debug] [2023-06-04T18:18:42.142Z] Platform:      win32
[debug] [2023-06-04T18:18:42.143Z] Node Version:  v18.14.2
[debug] [2023-06-04T18:18:42.167Z] Time:          Sun Jun 04 2023 23:48:42 GMT+0530 (India Standard Time)
[debug] [2023-06-04T18:18:42.168Z] ----------------------------------------------------------------------
[debug] 
[debug] [2023-06-04T18:18:42.574Z] > command requires scopes: ["email","openid","https://www.googleapis.com/auth/cloudplatformprojects.readonly","https://www.googleapis.com/auth/firebase","https://www.googleapis.com/auth/cloud-platform"]
[debug] [2023-06-04T18:18:42.577Z] > authorizing via signed-in user (2012027@nec.edu.in)
[info] 
     ######## #### ########  ######## ########     ###     ######  ########
     ##        ##  ##     ## ##       ##     ##  ##   ##  ##       ##
     ######    ##  ########  ######   ########  #########  ######  ######
     ##        ##  ##    ##  ##       ##     ## ##     ##       ## ##
     ##       #### ##     ## ######## ########  ##     ##  ######  ########

You're about to initialize a Firebase project in this directory:

  C:\Users\91638\OneDrive\Desktop\projetcs\devrev\lms

Before we get started, keep in mind:

  * You are initializing within an existing Firebase project directory

[info] 
=== Project Setup
[info] 
[info] First, let's associate this project directory with a Firebase project.
[info] You can create multiple project aliases by running firebase use --add, 
[info] but for now we'll just set up a default project.
[info] 
[debug] [2023-06-04T18:18:47.282Z] Using project from CLI flag: devrevlms
[debug] [2023-06-04T18:18:47.287Z] >>> [apiv2][query] GET https://firebase.googleapis.com/v1beta1/projects/devrevlms [none]
[debug] [2023-06-04T18:18:48.048Z] <<< [apiv2][status] GET https://firebase.googleapis.com/v1beta1/projects/devrevlms 200
[debug] [2023-06-04T18:18:48.049Z] <<< [apiv2][body] GET https://firebase.googleapis.com/v1beta1/projects/devrevlms {"projectId":"devrevlms","projectNumber":"83045867749","displayName":"devrevlms","name":"projects/devrevlms","resources":{"hostingSite":"devrevlms","realtimeDatabaseInstance":"devrevlms-default-rtdb","storageBucket":"devrevlms.appspot.com","locationId":"asia-south1"},"state":"ACTIVE","etag":"1_b5036159-0adb-4a5c-825b-09de5c683d19"}
[info] i  Using project devrevlms (devrevlms) 
[info] 
=== Hosting Setup
[info] 
[info] Your public directory is the folder (relative to your project directory) that
[info] will contain Hosting assets to be uploaded with firebase deploy. If you
[info] have a build process for your assets, use your build's output directory.
[info] 
[debug] [2023-06-04T18:20:53.743Z] ----------------------------------------------------------------------
[debug] [2023-06-04T18:20:53.748Z] Command:       C:\Program Files\nodejs\node.exe C:\Users\91638\AppData\Roaming\npm\node_modules\firebase-tools\lib\bin\firebase.js init
[debug] [2023-06-04T18:20:53.750Z] CLI Version:   11.25.2
[debug] [2023-06-04T18:20:53.750Z] Platform:      win32
[debug] [2023-06-04T18:20:53.750Z] Node Version:  v18.14.2
[debug] [2023-06-04T18:20:53.752Z] Time:          Sun Jun 04 2023 23:50:53 GMT+0530 (India Standard Time)
[debug] [2023-06-04T18:20:53.753Z] ----------------------------------------------------------------------
[debug] 
[debug] [2023-06-04T18:20:53.942Z] > command requires scopes: ["email","openid","https://www.googleapis.com/auth/cloudplatformprojects.readonly","https://www.googleapis.com/auth/firebase","https://www.googleapis.com/auth/cloud-platform"]
[debug] [2023-06-04T18:20:53.957Z] > authorizing via signed-in user (2012027@nec.edu.in)
[info] 
     ######## #### ########  ######## ########     ###     ######  ########
     ##        ##  ##     ## ##       ##     ##  ##   ##  ##       ##
     ######    ##  ########  ######   ########  #########  ######  ######
     ##        ##  ##    ##  ##       ##     ## ##     ##       ## ##
     ##       #### ##     ## ######## ########  ##     ##  ######  ########

You're about to initialize a Firebase project in this directory:

  C:\Users\91638\OneDrive\Desktop\projetcs\devrev\lms

Before we get started, keep in mind:

  * You are initializing within an existing Firebase project directory

